<?xml version="1.0" encoding="UTF-8"?>
<testsuite name="com.valebroker.reflectionJar.ReflectionApplicationTests" tests="1" skipped="0" failures="0" errors="0" timestamp="2023-02-08T21:34:01" hostname="VMNOTE-229" time="0.219">
  <properties/>
  <testcase name="SerializaClasseEmArquivo()" classname="com.valebroker.reflectionJar.ReflectionApplicationTests" time="0.219"/>
  <system-out><![CDATA[18:34:00.424 [Test worker] DEBUG org.springframework.boot.test.context.SpringBootTestContextBootstrapper - Neither @ContextConfiguration nor @ContextHierarchy found for test class [ReflectionApplicationTests]: using SpringBootContextLoader
18:34:00.428 [Test worker] DEBUG org.springframework.test.context.support.AbstractContextLoader - Could not detect default resource locations for test class [com.valebroker.reflectionJar.ReflectionApplicationTests]: no resource found for suffixes {-context.xml, Context.groovy}.
18:34:00.429 [Test worker] INFO org.springframework.test.context.support.AnnotationConfigContextLoaderUtils - Could not detect default configuration classes for test class [com.valebroker.reflectionJar.ReflectionApplicationTests]: ReflectionApplicationTests does not declare any static, non-private, non-final, nested classes annotated with @Configuration.
18:34:00.445 [Test worker] DEBUG org.springframework.boot.test.context.SpringBootTestContextBootstrapper - Using ContextCustomizers for test class [ReflectionApplicationTests]: [DisableObservabilityContextCustomizer, PropertyMappingContextCustomizer, Customizer, ExcludeFilterContextCustomizer, DuplicateJsonObjectContextCustomizer, MockitoContextCustomizer, TestRestTemplateContextCustomizer]
18:34:00.503 [Test worker] DEBUG org.springframework.context.annotation.ClassPathScanningCandidateComponentProvider - Identified candidate component class: file [/home/rafael.colvara@VALEMOBI.CORP/workspace/39/reflection/build/classes/java/main/com/valebroker/reflectionJar/ReflectionApplication.class]
18:34:00.504 [Test worker] INFO org.springframework.boot.test.context.SpringBootTestContextBootstrapper - Found @SpringBootConfiguration com.valebroker.reflectionJar.ReflectionApplication for test class com.valebroker.reflectionJar.ReflectionApplicationTests
18:34:00.563 [Test worker] DEBUG org.springframework.test.context.util.TestContextSpringFactoriesUtils - Skipping candidate TestExecutionListener [org.springframework.test.context.web.ServletTestExecutionListener] due to a missing dependency. Specify custom TestExecutionListener classes or make the default TestExecutionListener classes and their required dependencies available. Offending class: [jakarta/servlet/ServletContext]
18:34:00.566 [Test worker] DEBUG org.springframework.test.context.util.TestContextSpringFactoriesUtils - Skipping candidate TestExecutionListener [org.springframework.test.context.transaction.TransactionalTestExecutionListener] due to a missing dependency. Specify custom TestExecutionListener classes or make the default TestExecutionListener classes and their required dependencies available. Offending class: [org/springframework/transaction/interceptor/TransactionAttributeSource]
18:34:00.568 [Test worker] DEBUG org.springframework.test.context.util.TestContextSpringFactoriesUtils - Skipping candidate TestExecutionListener [org.springframework.test.context.jdbc.SqlScriptsTestExecutionListener] due to a missing dependency. Specify custom TestExecutionListener classes or make the default TestExecutionListener classes and their required dependencies available. Offending class: [org/springframework/transaction/interceptor/TransactionAttribute]
18:34:00.570 [Test worker] DEBUG org.springframework.boot.test.context.SpringBootTestContextBootstrapper - Using TestExecutionListeners for test class [ReflectionApplicationTests]: [DirtiesContextBeforeModesTestExecutionListener, ApplicationEventsTestExecutionListener, MockitoTestExecutionListener, DependencyInjectionTestExecutionListener, DirtiesContextTestExecutionListener, EventPublishingTestExecutionListener, RestDocsTestExecutionListener, MockRestServiceServerResetTestExecutionListener, MockMvcPrintOnlyOnFailureTestExecutionListener, WebDriverTestExecutionListener, MockWebServiceServerTestExecutionListener, ResetMocksTestExecutionListener]
18:34:00.573 [Test worker] DEBUG org.springframework.test.context.support.DependencyInjectionTestExecutionListener - Performing dependency injection for test class com.valebroker.reflectionJar.ReflectionApplicationTests

  .   ____          _            __ _ _
 /\\ / ___'_ __ _ _(_)_ __  __ _ \ \ \ \
( ( )\___ | '_ | '_| | '_ \/ _` | \ \ \ \
 \\/  ___)| |_)| | | | | || (_| |  ) ) ) )
  '  |____| .__|_| |_|_| |_\__, | / / / /
 =========|_|==============|___/=/_/_/_/
 :: Spring Boot ::                (v3.0.2)

2023-02-08T18:34:00.769-03:00  INFO 3775343 --- [    Test worker] c.v.r.ReflectionApplicationTests         : Starting ReflectionApplicationTests using Java 17.0.2 with PID 3775343 (started by rafael.colvara in /home/rafael.colvara@VALEMOBI.CORP/workspace/39/reflection)
2023-02-08T18:34:00.770-03:00  INFO 3775343 --- [    Test worker] c.v.r.ReflectionApplicationTests         : No active profile set, falling back to 1 default profile: "default"
2023-02-08T18:34:01.027-03:00  INFO 3775343 --- [    Test worker] c.v.r.ReflectionApplicationTests         : Started ReflectionApplicationTests in 0.431 seconds (process running for 1.111)
Serialization successful
]]></system-out>
  <system-err><![CDATA[]]></system-err>
</testsuite>
